<?xml version="1.0" encoding="UTF-8"?>
<!-- Generated by org.testng.reporters.JUnitXMLReporter -->
<testsuite hostname="DESKTOP-MD2112N" ignored="2" name="Create Portfolio Test" tests="1" failures="0" timestamp="2021-08-23T11:51:36 AEST" time="0.178" errors="0">
  <testcase name="createPortfolio" time="0.0" classname="testcases.rediff.PortfolioManagement">
    <skipped/>
  </testcase> <!-- createPortfolio -->
  <testcase name="deletePortfolio" time="0.0" classname="testcases.rediff.PortfolioManagement">
    <ignored/>
  </testcase> <!-- deletePortfolio -->
  <testcase name="selectPortFolio" time="0.0" classname="testcases.rediff.PortfolioManagement">
    <ignored/>
  </testcase> <!-- selectPortFolio -->
</testsuite> <!-- Create Portfolio Test -->
