<?xml version="1.0" encoding="UTF-8"?>
<!-- Generated by org.testng.reporters.JUnitXMLReporter -->
<testsuite hostname="DESKTOP-MD2112N" ignored="2" name="Delete Portfolio Test" tests="1" failures="0" timestamp="2021-08-23T11:51:36 AEST" time="0.003" errors="0">
  <testcase name="@BeforeTest beforeTest" time="0.001" classname="testbase.BaseTest">
    <failure type="java.lang.NullPointerException">
      <![CDATA[java.lang.NullPointerException
at keywords.GenericKeywords.openBrowser(GenericKeywords.java:108)
at testbase.BaseTest.beforeTest(BaseTest.java:45)
... Removed 28 stack frames]]>
    </failure>
  </testcase> <!-- @BeforeTest beforeTest -->
  <testcase name="@AfterTest quit" time="0.001" classname="testbase.BaseTest">
    <failure type="java.lang.NullPointerException">
      <![CDATA[java.lang.NullPointerException
at keywords.GenericKeywords.quit(GenericKeywords.java:409)
at testbase.BaseTest.quit(BaseTest.java:81)
... Removed 28 stack frames]]>
    </failure>
  </testcase> <!-- @AfterTest quit -->
  <testcase name="deletePortfolio" time="0.0" classname="testcases.rediff.PortfolioManagement">
    <skipped/>
  </testcase> <!-- deletePortfolio -->
  <testcase name="selectPortFolio" time="0.0" classname="testcases.rediff.PortfolioManagement">
    <ignored/>
  </testcase> <!-- selectPortFolio -->
  <testcase name="createPortfolio" time="0.0" classname="testcases.rediff.PortfolioManagement">
    <ignored/>
  </testcase> <!-- createPortfolio -->
</testsuite> <!-- Delete Portfolio Test -->
