<?xml version="1.0" encoding="UTF-8"?>
<testsuite xmlns:xsi="http://www.w3.org/2001/XMLSchema-instance" xsi:noNamespaceSchemaLocation="https://maven.apache.org/surefire/maven-surefire-plugin/xsd/surefire-test-report-3.0.xsd" version="3.0" name="TestSuite" time="1.175" tests="26" errors="0" skipped="16" failures="10">
  <properties>
[...]
</properties>
  <testcase name="beforeTest[org.testng.TestRunner@6b0c2d26](0)" classname="testcases.rediff.PortfolioManagement" time="0.802">
    <failure type="java.lang.NullPointerException"><![CDATA[java.lang.NullPointerException
]]></failure>
    <system-out><![CDATA[[TestNG] [WARN] Ignoring duplicate listener : listener.MyTestNGListener
*********Before Test**********
Mon Aug 23 11-51-36 AEST 2021
C:\eclipseprojects\RediffDataDrivenFramework//reports//Mon Aug 23 11-51-36 AEST 2021//screenshots
]]></system-out>
  </testcase>
  <testcase name="createPortfolio" classname="testcases.rediff.PortfolioManagement" time="0">
    <skipped/>
    <system-out><![CDATA[*********Before Method***********
]]></system-out>
  </testcase>
  <testcase name="quit[org.testng.TestRunner@6b0c2d26](0)" classname="testcases.rediff.PortfolioManagement" time="0.003">
    <failure type="java.lang.NullPointerException"><![CDATA[java.lang.NullPointerException
]]></failure>
    <system-out><![CDATA[***************************Test Skipped createPortfolio
]]></system-out>
  </testcase>
  <testcase name="beforeTest[org.testng.TestRunner@5b0abc94](0)" classname="testcases.rediff.PortfolioManagement" time="0.038">
    <failure type="java.lang.NullPointerException"><![CDATA[java.lang.NullPointerException
]]></failure>
    <system-out><![CDATA[*********Before Test**********
]]></system-out>
  </testcase>
  <testcase name="deletePortfolio" classname="testcases.rediff.PortfolioManagement" time="0">
    <skipped/>
    <system-out><![CDATA[*********Before Method***********
]]></system-out>
  </testcase>
  <testcase name="quit[org.testng.TestRunner@5b0abc94](0)" classname="testcases.rediff.PortfolioManagement" time="0.001">
    <failure type="java.lang.NullPointerException"><![CDATA[java.lang.NullPointerException
]]></failure>
    <system-out><![CDATA[***************************Test Skipped deletePortfolio
]]></system-out>
  </testcase>
  <testcase name="beforeTest[org.testng.TestRunner@2893de87](0)" classname="testcases.rediff.PortfolioManagement" time="0.014">
    <failure type="java.lang.NullPointerException"><![CDATA[java.lang.NullPointerException
]]></failure>
    <system-out><![CDATA[*********Before Test**********
]]></system-out>
  </testcase>
  <testcase name="selectPortFolio" classname="testcases.rediff.PortfolioManagement" time="0">
    <skipped/>
    <system-out><![CDATA[*********Before Method***********
]]></system-out>
  </testcase>
  <testcase name="selectPortFolio" classname="testcases.rediff.PortfolioManagement" time="0">
    <skipped/>
    <system-out><![CDATA[*********Before Method***********
]]></system-out>
  </testcase>
  <testcase name="selectPortFolio" classname="testcases.rediff.PortfolioManagement" time="0">
    <skipped/>
    <system-out><![CDATA[*********Before Method***********
]]></system-out>
  </testcase>
  <testcase name="quit[org.testng.TestRunner@2893de87](0)" classname="testcases.rediff.PortfolioManagement" time="0.001">
    <failure type="java.lang.NullPointerException"><![CDATA[java.lang.NullPointerException
]]></failure>
    <system-out><![CDATA[***************************Test Skipped verifyTransactionHistory
]]></system-out>
  </testcase>
  <testcase name="beforeTest[org.testng.TestRunner@161b062a](0)" classname="testcases.rediff.PortfolioManagement" time="0.035">
    <failure type="java.lang.NullPointerException"><![CDATA[java.lang.NullPointerException
]]></failure>
    <system-out><![CDATA[*********Before Test**********
]]></system-out>
  </testcase>
  <testcase name="quit[org.testng.TestRunner@161b062a](0)" classname="testcases.rediff.PortfolioManagement" time="0">
    <failure type="java.lang.NullPointerException"><![CDATA[java.lang.NullPointerException
]]></failure>
    <system-out><![CDATA[***************************Test Skipped verifyTransactionHistory
]]></system-out>
  </testcase>
  <testcase name="beforeTest[org.testng.TestRunner@258e2e41](0)" classname="testcases.rediff.PortfolioManagement" time="0.024">
    <failure type="java.lang.NullPointerException"><![CDATA[java.lang.NullPointerException
]]></failure>
    <system-out><![CDATA[*********Before Test**********
]]></system-out>
  </testcase>
  <testcase name="quit[org.testng.TestRunner@258e2e41](0)" classname="testcases.rediff.PortfolioManagement" time="0.001">
    <failure type="java.lang.NullPointerException"><![CDATA[java.lang.NullPointerException
]]></failure>
    <system-out><![CDATA[***************************Test Skipped verifyTransactionHistory
]]></system-out>
  </testcase>
  <testcase name="verifyStockPresent" classname="testcases.rediff.StockManagement" time="0">
    <skipped/>
    <system-out><![CDATA[***************************Test Skipped selectPortFolio
*********Before Method***********
]]></system-out>
  </testcase>
  <testcase name="verifyStockPresent" classname="testcases.rediff.StockManagement" time="0">
    <skipped/>
    <system-out><![CDATA[***************************Test Skipped selectPortFolio
*********Before Method***********
]]></system-out>
  </testcase>
  <testcase name="verifyStockPresent" classname="testcases.rediff.StockManagement" time="0">
    <skipped/>
    <system-out><![CDATA[***************************Test Skipped selectPortFolio
*********Before Method***********
]]></system-out>
  </testcase>
  <testcase name="verifyStockQuantity" classname="testcases.rediff.StockManagement" time="0">
    <skipped/>
    <system-out><![CDATA[***************************Test Skipped verifyStockPresent
*********Before Method***********
]]></system-out>
  </testcase>
  <testcase name="verifyStockQuantity" classname="testcases.rediff.StockManagement" time="0">
    <skipped/>
    <system-out><![CDATA[***************************Test Skipped modifyStock
*********Before Method***********
]]></system-out>
  </testcase>
  <testcase name="verifyStockQuantity" classname="testcases.rediff.StockManagement" time="0">
    <skipped/>
    <system-out><![CDATA[***************************Test Skipped modifyStock
*********Before Method***********
]]></system-out>
  </testcase>
  <testcase name="verifyTransactionHistory" classname="testcases.rediff.StockManagement" time="0">
    <skipped/>
    <system-out><![CDATA[***************************Test Skipped verifyStockQuantity
*********Before Method***********
]]></system-out>
  </testcase>
  <testcase name="verifyTransactionHistory" classname="testcases.rediff.StockManagement" time="0">
    <skipped/>
    <system-out><![CDATA[***************************Test Skipped verifyStockQuantity
*********Before Method***********
]]></system-out>
  </testcase>
  <testcase name="verifyTransactionHistory" classname="testcases.rediff.StockManagement" time="0">
    <skipped/>
    <system-out><![CDATA[***************************Test Skipped verifyStockQuantity
*********Before Method***********
]]></system-out>
  </testcase>
  <testcase name="modifyStock" classname="testcases.rediff.StockManagement" time="0">
    <skipped/>
    <system-out><![CDATA[***************************Test Skipped verifyStockPresent
*********Before Method***********
]]></system-out>
  </testcase>
  <testcase name="modifyStock" classname="testcases.rediff.StockManagement" time="0">
    <skipped/>
    <system-out><![CDATA[***************************Test Skipped verifyStockPresent
*********Before Method***********
]]></system-out>
  </testcase>
</testsuite>