<?xml version="1.0" encoding="UTF-8"?>
<!-- Generated by org.testng.reporters.JUnitXMLReporter -->
<testsuite hostname="DESKTOP-MD2112N" ignored="7" name="Add New Stock Add New Stock  Iterations   1" tests="4" failures="2" timestamp="2021-09-03T11:57:59 AEST" time="20.741" errors="0">
  <testcase name="selectPortFolio" time="3.555" classname="testcases.rediff.PortfolioManagement"/>
  <testcase name="verifyStockPresent" time="0.455" classname="testcases.rediff.StockManagement"/>
  <testcase name="verifyStockQuantity" time="0.258" classname="testcases.rediff.StockManagement">
    <failure type="java.lang.NullPointerException">
      <![CDATA[java.lang.NullPointerException
at testcases.rediff.StockManagement.verifyStockQuantity(StockManagement.java:116)
at java.util.ArrayList.forEach(ArrayList.java:1257)
at runner.TestNGRunner.run(TestNGRunner.java:100)
at runner.JSONRunner.main(JSONRunner.java:146)
... Removed 24 stack frames]]>
    </failure>
  </testcase> <!-- verifyStockQuantity -->
  <testcase name="verifyTransactionHistory" time="0.699" classname="testcases.rediff.StockManagement">
    <failure type="java.lang.AssertionError" message="The following asserts failed:
	Element not present latestShareChangeQuantity_xpath">
      <![CDATA[java.lang.AssertionError: The following asserts failed:
Element not present latestShareChangeQuantity_xpath
at keywords.GenericKeywords.assertAll(GenericKeywords.java:278)
at keywords.GenericKeywords.reportFailure(GenericKeywords.java:270)
at keywords.GenericKeywords.getElement(GenericKeywords.java:160)
at keywords.GenericKeywords.getText(GenericKeywords.java:136)
at testcases.rediff.StockManagement.verifyTransactionHistory(StockManagement.java:150)
at java.util.ArrayList.forEach(ArrayList.java:1257)
at runner.TestNGRunner.run(TestNGRunner.java:100)
at runner.JSONRunner.main(JSONRunner.java:146)
... Removed 26 stack frames]]>
    </failure>
  </testcase> <!-- verifyTransactionHistory -->
  <testcase name="addStock" time="0.0" classname="testcases.rediff.StockManagement">
    <ignored/>
  </testcase> <!-- addStock -->
  <testcase name="@BeforeTest beforeTest" time="0.0" classname="testbase.BaseTest">
    <ignored/>
  </testcase> <!-- @BeforeTest beforeTest -->
  <testcase name="deletePortfolio" time="0.0" classname="testcases.rediff.PortfolioManagement">
    <ignored/>
  </testcase> <!-- deletePortfolio -->
  <testcase name="verifyStockAvgBuyPrice" time="0.0" classname="testcases.rediff.StockManagement">
    <ignored/>
  </testcase> <!-- verifyStockAvgBuyPrice -->
  <testcase name="modifyStock" time="0.0" classname="testcases.rediff.StockManagement">
    <ignored/>
  </testcase> <!-- modifyStock -->
  <testcase name="@AfterTest quit" time="0.0" classname="testbase.BaseTest">
    <ignored/>
  </testcase> <!-- @AfterTest quit -->
  <testcase name="createPortfolio" time="0.0" classname="testcases.rediff.PortfolioManagement">
    <ignored/>
  </testcase> <!-- createPortfolio -->
</testsuite> <!-- Add New Stock Add New Stock  Iterations   1 -->
